2023-08-23T13:22:08+00:00 CRITICAL Uncaught Error: Cannot use object of type stdClass as array in C:\xampp2\htdocs\newswave\wp-content\themes\newswave\fl-builder\modules\grid_2\includes\frontend.php:14
Stack trace:
#0 C:\xampp2\htdocs\newswave\wp-content\plugins\beaver-builder-lite-version\includes\module.php(10): include()
#1 C:\xampp2\htdocs\newswave\wp-content\plugins\beaver-builder-lite-version\classes\class-fl-builder.php(2865): include('C:\\xampp2\\htdoc...')
#2 C:\xampp2\htdocs\newswave\wp-content\plugins\beaver-builder-lite-version\classes\class-fl-builder.php(2822): FLBuilder::render_module(Object(stdClass))
#3 C:\xampp2\htdocs\newswave\wp-content\plugins\beaver-builder-lite-version\includes\column.php(3): FLBuilder::render_modules(Object(stdClass))
#4 C:\xampp2\htdocs\newswave\wp-content\plugins\beaver-builder-lite-version\classes\class-fl-builder.php(2696): include('C:\\xampp2\\htdoc...')
#5 C:\xampp2\htdocs\newswave\wp-content\plugins\beaver-builder-lite-version\includes\column-group.php(7): FLBuilder::render_column(Object(stdClass in C:\xampp2\htdocs\newswave\wp-content\themes\newswave\fl-builder\modules\grid_2\includes\frontend.php on line 14

2023-08-23T13:22:20+00:00 CRITICAL Uncaught Error: Cannot use object of type stdClass as array in C:\xampp2\htdocs\newswave\wp-content\themes\newswave\fl-builder\modules\grid_2\includes\frontend.php:14
Stack trace:
#0 C:\xampp2\htdocs\newswave\wp-content\plugins\beaver-builder-lite-version\includes\module.php(10): include()
#1 C:\xampp2\htdocs\newswave\wp-content\plugins\beaver-builder-lite-version\classes\class-fl-builder.php(2865): include('C:\\xampp2\\htdoc...')
#2 C:\xampp2\htdocs\newswave\wp-content\plugins\beaver-builder-lite-version\classes\class-fl-builder.php(2822): FLBuilder::render_module(Object(stdClass))
#3 C:\xampp2\htdocs\newswave\wp-content\plugins\beaver-builder-lite-version\includes\column.php(3): FLBuilder::render_modules(Object(stdClass))
#4 C:\xampp2\htdocs\newswave\wp-content\plugins\beaver-builder-lite-version\classes\class-fl-builder.php(2696): include('C:\\xampp2\\htdoc...')
#5 C:\xampp2\htdocs\newswave\wp-content\plugins\beaver-builder-lite-version\includes\column-group.php(7): FLBuilder::render_column(Object(stdClass in C:\xampp2\htdocs\newswave\wp-content\themes\newswave\fl-builder\modules\grid_2\includes\frontend.php on line 14

2023-08-23T13:22:26+00:00 CRITICAL Uncaught Error: Cannot use object of type stdClass as array in C:\xampp2\htdocs\newswave\wp-content\themes\newswave\fl-builder\modules\grid_2\includes\frontend.php:14
Stack trace:
#0 C:\xampp2\htdocs\newswave\wp-content\plugins\beaver-builder-lite-version\includes\module.php(10): include()
#1 C:\xampp2\htdocs\newswave\wp-content\plugins\beaver-builder-lite-version\classes\class-fl-builder.php(2865): include('C:\\xampp2\\htdoc...')
#2 C:\xampp2\htdocs\newswave\wp-content\plugins\beaver-builder-lite-version\classes\class-fl-builder.php(2822): FLBuilder::render_module(Object(stdClass))
#3 C:\xampp2\htdocs\newswave\wp-content\plugins\beaver-builder-lite-version\includes\column.php(3): FLBuilder::render_modules(Object(stdClass))
#4 C:\xampp2\htdocs\newswave\wp-content\plugins\beaver-builder-lite-version\classes\class-fl-builder.php(2696): include('C:\\xampp2\\htdoc...')
#5 C:\xampp2\htdocs\newswave\wp-content\plugins\beaver-builder-lite-version\includes\column-group.php(7): FLBuilder::render_column(Object(stdClass in C:\xampp2\htdocs\newswave\wp-content\themes\newswave\fl-builder\modules\grid_2\includes\frontend.php on line 14

2023-08-23T13:22:28+00:00 CRITICAL Uncaught Error: Cannot use object of type stdClass as array in C:\xampp2\htdocs\newswave\wp-content\themes\newswave\fl-builder\modules\grid_2\includes\frontend.php:14
Stack trace:
#0 C:\xampp2\htdocs\newswave\wp-content\plugins\beaver-builder-lite-version\includes\module.php(10): include()
#1 C:\xampp2\htdocs\newswave\wp-content\plugins\beaver-builder-lite-version\classes\class-fl-builder.php(2865): include('C:\\xampp2\\htdoc...')
#2 C:\xampp2\htdocs\newswave\wp-content\plugins\beaver-builder-lite-version\classes\class-fl-builder.php(2822): FLBuilder::render_module(Object(stdClass))
#3 C:\xampp2\htdocs\newswave\wp-content\plugins\beaver-builder-lite-version\includes\column.php(3): FLBuilder::render_modules(Object(stdClass))
#4 C:\xampp2\htdocs\newswave\wp-content\plugins\beaver-builder-lite-version\classes\class-fl-builder.php(2696): include('C:\\xampp2\\htdoc...')
#5 C:\xampp2\htdocs\newswave\wp-content\plugins\beaver-builder-lite-version\includes\column-group.php(7): FLBuilder::render_column(Object(stdClass in C:\xampp2\htdocs\newswave\wp-content\themes\newswave\fl-builder\modules\grid_2\includes\frontend.php on line 14

2023-08-23T13:22:32+00:00 CRITICAL Uncaught Error: Cannot use object of type stdClass as array in C:\xampp2\htdocs\newswave\wp-content\themes\newswave\fl-builder\modules\grid_2\includes\frontend.php:14
Stack trace:
#0 C:\xampp2\htdocs\newswave\wp-content\plugins\beaver-builder-lite-version\includes\module.php(10): include()
#1 C:\xampp2\htdocs\newswave\wp-content\plugins\beaver-builder-lite-version\classes\class-fl-builder.php(2865): include('C:\\xampp2\\htdoc...')
#2 C:\xampp2\htdocs\newswave\wp-content\plugins\beaver-builder-lite-version\classes\class-fl-builder.php(2822): FLBuilder::render_module(Object(stdClass))
#3 C:\xampp2\htdocs\newswave\wp-content\plugins\beaver-builder-lite-version\includes\column.php(3): FLBuilder::render_modules(Object(stdClass))
#4 C:\xampp2\htdocs\newswave\wp-content\plugins\beaver-builder-lite-version\classes\class-fl-builder.php(2696): include('C:\\xampp2\\htdoc...')
#5 C:\xampp2\htdocs\newswave\wp-content\plugins\beaver-builder-lite-version\includes\column-group.php(7): FLBuilder::render_column(Object(stdClass in C:\xampp2\htdocs\newswave\wp-content\themes\newswave\fl-builder\modules\grid_2\includes\frontend.php on line 14

2023-08-23T13:22:36+00:00 CRITICAL Uncaught Error: Cannot use object of type stdClass as array in C:\xampp2\htdocs\newswave\wp-content\themes\newswave\fl-builder\modules\grid_2\includes\frontend.php:14
Stack trace:
#0 C:\xampp2\htdocs\newswave\wp-content\plugins\beaver-builder-lite-version\includes\module.php(10): include()
#1 C:\xampp2\htdocs\newswave\wp-content\plugins\beaver-builder-lite-version\classes\class-fl-builder.php(2865): include('C:\\xampp2\\htdoc...')
#2 C:\xampp2\htdocs\newswave\wp-content\plugins\beaver-builder-lite-version\classes\class-fl-builder.php(2822): FLBuilder::render_module(Object(stdClass))
#3 C:\xampp2\htdocs\newswave\wp-content\plugins\beaver-builder-lite-version\includes\column.php(3): FLBuilder::render_modules(Object(stdClass))
#4 C:\xampp2\htdocs\newswave\wp-content\plugins\beaver-builder-lite-version\classes\class-fl-builder.php(2696): include('C:\\xampp2\\htdoc...')
#5 C:\xampp2\htdocs\newswave\wp-content\plugins\beaver-builder-lite-version\includes\column-group.php(7): FLBuilder::render_column(Object(stdClass in C:\xampp2\htdocs\newswave\wp-content\themes\newswave\fl-builder\modules\grid_2\includes\frontend.php on line 14

2023-08-23T13:22:38+00:00 CRITICAL Maximum execution time of 30 seconds exceeded in C:\xampp2\htdocs\newswave\wp-includes\Requests\src\Transport\Curl.php on line 510

2023-08-23T13:22:43+00:00 CRITICAL Uncaught Error: Cannot use object of type stdClass as array in C:\xampp2\htdocs\newswave\wp-content\themes\newswave\fl-builder\modules\grid_2\includes\frontend.php:14
Stack trace:
#0 C:\xampp2\htdocs\newswave\wp-content\plugins\beaver-builder-lite-version\includes\module.php(10): include()
#1 C:\xampp2\htdocs\newswave\wp-content\plugins\beaver-builder-lite-version\classes\class-fl-builder.php(2865): include('C:\\xampp2\\htdoc...')
#2 C:\xampp2\htdocs\newswave\wp-content\plugins\beaver-builder-lite-version\classes\class-fl-builder.php(2822): FLBuilder::render_module(Object(stdClass))
#3 C:\xampp2\htdocs\newswave\wp-content\plugins\beaver-builder-lite-version\includes\column.php(3): FLBuilder::render_modules(Object(stdClass))
#4 C:\xampp2\htdocs\newswave\wp-content\plugins\beaver-builder-lite-version\classes\class-fl-builder.php(2696): include('C:\\xampp2\\htdoc...')
#5 C:\xampp2\htdocs\newswave\wp-content\plugins\beaver-builder-lite-version\includes\column-group.php(7): FLBuilder::render_column(Object(stdClass in C:\xampp2\htdocs\newswave\wp-content\themes\newswave\fl-builder\modules\grid_2\includes\frontend.php on line 14

2023-08-23T13:22:57+00:00 CRITICAL Uncaught Error: Cannot use object of type stdClass as array in C:\xampp2\htdocs\newswave\wp-content\themes\newswave\fl-builder\modules\grid_2\includes\frontend.php:14
Stack trace:
#0 C:\xampp2\htdocs\newswave\wp-content\plugins\beaver-builder-lite-version\includes\module.php(10): include()
#1 C:\xampp2\htdocs\newswave\wp-content\plugins\beaver-builder-lite-version\classes\class-fl-builder.php(2865): include('C:\\xampp2\\htdoc...')
#2 C:\xampp2\htdocs\newswave\wp-content\plugins\beaver-builder-lite-version\classes\class-fl-builder.php(2822): FLBuilder::render_module(Object(stdClass))
#3 C:\xampp2\htdocs\newswave\wp-content\plugins\beaver-builder-lite-version\includes\column.php(3): FLBuilder::render_modules(Object(stdClass))
#4 C:\xampp2\htdocs\newswave\wp-content\plugins\beaver-builder-lite-version\classes\class-fl-builder.php(2696): include('C:\\xampp2\\htdoc...')
#5 C:\xampp2\htdocs\newswave\wp-content\plugins\beaver-builder-lite-version\includes\column-group.php(7): FLBuilder::render_column(Object(stdClass in C:\xampp2\htdocs\newswave\wp-content\themes\newswave\fl-builder\modules\grid_2\includes\frontend.php on line 14

2023-08-23T13:29:01+00:00 CRITICAL Uncaught Error: Cannot use object of type stdClass as array in C:\xampp2\htdocs\newswave\wp-content\themes\newswave\fl-builder\modules\grid_2\includes\frontend.php:14
Stack trace:
#0 C:\xampp2\htdocs\newswave\wp-content\plugins\beaver-builder-lite-version\includes\module.php(10): include()
#1 C:\xampp2\htdocs\newswave\wp-content\plugins\beaver-builder-lite-version\classes\class-fl-builder.php(2865): include('C:\\xampp2\\htdoc...')
#2 C:\xampp2\htdocs\newswave\wp-content\plugins\beaver-builder-lite-version\classes\class-fl-builder.php(2822): FLBuilder::render_module(Object(stdClass))
#3 C:\xampp2\htdocs\newswave\wp-content\plugins\beaver-builder-lite-version\includes\column.php(3): FLBuilder::render_modules(Object(stdClass))
#4 C:\xampp2\htdocs\newswave\wp-content\plugins\beaver-builder-lite-version\classes\class-fl-builder.php(2696): include('C:\\xampp2\\htdoc...')
#5 C:\xampp2\htdocs\newswave\wp-content\plugins\beaver-builder-lite-version\includes\column-group.php(7): FLBuilder::render_column(Object(stdClass in C:\xampp2\htdocs\newswave\wp-content\themes\newswave\fl-builder\modules\grid_2\includes\frontend.php on line 14

2023-08-23T13:29:32+00:00 CRITICAL Uncaught Error: Cannot use object of type stdClass as array in C:\xampp2\htdocs\newswave\wp-content\themes\newswave\fl-builder\modules\grid_2\includes\frontend.php:14
Stack trace:
#0 C:\xampp2\htdocs\newswave\wp-content\plugins\beaver-builder-lite-version\includes\module.php(10): include()
#1 C:\xampp2\htdocs\newswave\wp-content\plugins\beaver-builder-lite-version\classes\class-fl-builder.php(2865): include('C:\\xampp2\\htdoc...')
#2 C:\xampp2\htdocs\newswave\wp-content\plugins\beaver-builder-lite-version\classes\class-fl-builder.php(2822): FLBuilder::render_module(Object(stdClass))
#3 C:\xampp2\htdocs\newswave\wp-content\plugins\beaver-builder-lite-version\includes\column.php(3): FLBuilder::render_modules(Object(stdClass))
#4 C:\xampp2\htdocs\newswave\wp-content\plugins\beaver-builder-lite-version\classes\class-fl-builder.php(2696): include('C:\\xampp2\\htdoc...')
#5 C:\xampp2\htdocs\newswave\wp-content\plugins\beaver-builder-lite-version\includes\column-group.php(7): FLBuilder::render_column(Object(stdClass in C:\xampp2\htdocs\newswave\wp-content\themes\newswave\fl-builder\modules\grid_2\includes\frontend.php on line 14

2023-08-23T13:37:06+00:00 CRITICAL Uncaught Error: Cannot use object of type stdClass as array in C:\xampp2\htdocs\newswave\wp-content\themes\newswave\fl-builder\modules\grid_2\includes\frontend.php:14
Stack trace:
#0 C:\xampp2\htdocs\newswave\wp-content\plugins\beaver-builder-lite-version\includes\module.php(10): include()
#1 C:\xampp2\htdocs\newswave\wp-content\plugins\beaver-builder-lite-version\classes\class-fl-builder.php(2865): include('C:\\xampp2\\htdoc...')
#2 C:\xampp2\htdocs\newswave\wp-content\plugins\beaver-builder-lite-version\classes\class-fl-builder.php(2822): FLBuilder::render_module(Object(stdClass))
#3 C:\xampp2\htdocs\newswave\wp-content\plugins\beaver-builder-lite-version\includes\column.php(3): FLBuilder::render_modules(Object(stdClass))
#4 C:\xampp2\htdocs\newswave\wp-content\plugins\beaver-builder-lite-version\classes\class-fl-builder.php(2696): include('C:\\xampp2\\htdoc...')
#5 C:\xampp2\htdocs\newswave\wp-content\plugins\beaver-builder-lite-version\includes\column-group.php(7): FLBuilder::render_column(Object(stdClass in C:\xampp2\htdocs\newswave\wp-content\themes\newswave\fl-builder\modules\grid_2\includes\frontend.php on line 14

2023-08-23T13:37:16+00:00 CRITICAL Uncaught Error: Cannot use object of type stdClass as array in C:\xampp2\htdocs\newswave\wp-content\themes\newswave\fl-builder\modules\grid_2\includes\frontend.php:14
Stack trace:
#0 C:\xampp2\htdocs\newswave\wp-content\plugins\beaver-builder-lite-version\includes\module.php(10): include()
#1 C:\xampp2\htdocs\newswave\wp-content\plugins\beaver-builder-lite-version\classes\class-fl-builder.php(2865): include('C:\\xampp2\\htdoc...')
#2 C:\xampp2\htdocs\newswave\wp-content\plugins\beaver-builder-lite-version\classes\class-fl-builder.php(2822): FLBuilder::render_module(Object(stdClass))
#3 C:\xampp2\htdocs\newswave\wp-content\plugins\beaver-builder-lite-version\includes\column.php(3): FLBuilder::render_modules(Object(stdClass))
#4 C:\xampp2\htdocs\newswave\wp-content\plugins\beaver-builder-lite-version\classes\class-fl-builder.php(2696): include('C:\\xampp2\\htdoc...')
#5 C:\xampp2\htdocs\newswave\wp-content\plugins\beaver-builder-lite-version\includes\column-group.php(7): FLBuilder::render_column(Object(stdClass in C:\xampp2\htdocs\newswave\wp-content\themes\newswave\fl-builder\modules\grid_2\includes\frontend.php on line 14

2023-08-23T14:29:01+00:00 CRITICAL Uncaught Error: Cannot use object of type stdClass as array in C:\xampp2\htdocs\newswave\wp-content\themes\newswave\fl-builder\modules\grid_2\includes\frontend.php:14
Stack trace:
#0 C:\xampp2\htdocs\newswave\wp-content\plugins\beaver-builder-lite-version\includes\module.php(10): include()
#1 C:\xampp2\htdocs\newswave\wp-content\plugins\beaver-builder-lite-version\classes\class-fl-builder.php(2865): include('C:\\xampp2\\htdoc...')
#2 C:\xampp2\htdocs\newswave\wp-content\plugins\beaver-builder-lite-version\classes\class-fl-builder.php(2822): FLBuilder::render_module(Object(stdClass))
#3 C:\xampp2\htdocs\newswave\wp-content\plugins\beaver-builder-lite-version\includes\column.php(3): FLBuilder::render_modules(Object(stdClass))
#4 C:\xampp2\htdocs\newswave\wp-content\plugins\beaver-builder-lite-version\classes\class-fl-builder.php(2696): include('C:\\xampp2\\htdoc...')
#5 C:\xampp2\htdocs\newswave\wp-content\plugins\beaver-builder-lite-version\includes\column-group.php(7): FLBuilder::render_column(Object(stdClass in C:\xampp2\htdocs\newswave\wp-content\themes\newswave\fl-builder\modules\grid_2\includes\frontend.php on line 14

2023-08-23T14:29:15+00:00 CRITICAL Uncaught Error: Cannot use object of type stdClass as array in C:\xampp2\htdocs\newswave\wp-content\themes\newswave\fl-builder\modules\grid_2\includes\frontend.php:14
Stack trace:
#0 C:\xampp2\htdocs\newswave\wp-content\plugins\beaver-builder-lite-version\includes\module.php(10): include()
#1 C:\xampp2\htdocs\newswave\wp-content\plugins\beaver-builder-lite-version\classes\class-fl-builder.php(2865): include('C:\\xampp2\\htdoc...')
#2 C:\xampp2\htdocs\newswave\wp-content\plugins\beaver-builder-lite-version\classes\class-fl-builder.php(2822): FLBuilder::render_module(Object(stdClass))
#3 C:\xampp2\htdocs\newswave\wp-content\plugins\beaver-builder-lite-version\includes\column.php(3): FLBuilder::render_modules(Object(stdClass))
#4 C:\xampp2\htdocs\newswave\wp-content\plugins\beaver-builder-lite-version\classes\class-fl-builder.php(2696): include('C:\\xampp2\\htdoc...')
#5 C:\xampp2\htdocs\newswave\wp-content\plugins\beaver-builder-lite-version\includes\column-group.php(7): FLBuilder::render_column(Object(stdClass in C:\xampp2\htdocs\newswave\wp-content\themes\newswave\fl-builder\modules\grid_2\includes\frontend.php on line 14

2023-08-23T14:29:40+00:00 CRITICAL Uncaught Error: Cannot use object of type stdClass as array in C:\xampp2\htdocs\newswave\wp-content\themes\newswave\fl-builder\modules\grid_2\includes\frontend.php:14
Stack trace:
#0 C:\xampp2\htdocs\newswave\wp-content\plugins\beaver-builder-lite-version\includes\module.php(10): include()
#1 C:\xampp2\htdocs\newswave\wp-content\plugins\beaver-builder-lite-version\classes\class-fl-builder.php(2865): include('C:\\xampp2\\htdoc...')
#2 C:\xampp2\htdocs\newswave\wp-content\plugins\beaver-builder-lite-version\classes\class-fl-builder.php(2822): FLBuilder::render_module(Object(stdClass))
#3 C:\xampp2\htdocs\newswave\wp-content\plugins\beaver-builder-lite-version\includes\column.php(3): FLBuilder::render_modules(Object(stdClass))
#4 C:\xampp2\htdocs\newswave\wp-content\plugins\beaver-builder-lite-version\classes\class-fl-builder.php(2696): include('C:\\xampp2\\htdoc...')
#5 C:\xampp2\htdocs\newswave\wp-content\plugins\beaver-builder-lite-version\includes\column-group.php(7): FLBuilder::render_column(Object(stdClass in C:\xampp2\htdocs\newswave\wp-content\themes\newswave\fl-builder\modules\grid_2\includes\frontend.php on line 14

2023-08-23T14:30:42+00:00 CRITICAL Uncaught Error: Cannot use object of type stdClass as array in C:\xampp2\htdocs\newswave\wp-content\themes\newswave\fl-builder\modules\grid_2\includes\frontend.php:14
Stack trace:
#0 C:\xampp2\htdocs\newswave\wp-content\plugins\beaver-builder-lite-version\includes\module.php(10): include()
#1 C:\xampp2\htdocs\newswave\wp-content\plugins\beaver-builder-lite-version\classes\class-fl-builder.php(2865): include('C:\\xampp2\\htdoc...')
#2 C:\xampp2\htdocs\newswave\wp-content\plugins\beaver-builder-lite-version\classes\class-fl-builder.php(2822): FLBuilder::render_module(Object(stdClass))
#3 C:\xampp2\htdocs\newswave\wp-content\plugins\beaver-builder-lite-version\includes\column.php(3): FLBuilder::render_modules(Object(stdClass))
#4 C:\xampp2\htdocs\newswave\wp-content\plugins\beaver-builder-lite-version\classes\class-fl-builder.php(2696): include('C:\\xampp2\\htdoc...')
#5 C:\xampp2\htdocs\newswave\wp-content\plugins\beaver-builder-lite-version\includes\column-group.php(7): FLBuilder::render_column(Object(stdClass in C:\xampp2\htdocs\newswave\wp-content\themes\newswave\fl-builder\modules\grid_2\includes\frontend.php on line 14

2023-08-23T14:35:07+00:00 CRITICAL Uncaught Error: Cannot use object of type stdClass as array in C:\xampp2\htdocs\newswave\wp-content\themes\newswave\fl-builder\modules\grid_2\includes\frontend.php:14
Stack trace:
#0 C:\xampp2\htdocs\newswave\wp-content\plugins\beaver-builder-lite-version\includes\module.php(10): include()
#1 C:\xampp2\htdocs\newswave\wp-content\plugins\beaver-builder-lite-version\classes\class-fl-builder.php(2865): include('C:\\xampp2\\htdoc...')
#2 C:\xampp2\htdocs\newswave\wp-content\plugins\beaver-builder-lite-version\classes\class-fl-builder.php(2822): FLBuilder::render_module(Object(stdClass))
#3 C:\xampp2\htdocs\newswave\wp-content\plugins\beaver-builder-lite-version\includes\column.php(3): FLBuilder::render_modules(Object(stdClass))
#4 C:\xampp2\htdocs\newswave\wp-content\plugins\beaver-builder-lite-version\classes\class-fl-builder.php(2696): include('C:\\xampp2\\htdoc...')
#5 C:\xampp2\htdocs\newswave\wp-content\plugins\beaver-builder-lite-version\includes\column-group.php(7): FLBuilder::render_column(Object(stdClass in C:\xampp2\htdocs\newswave\wp-content\themes\newswave\fl-builder\modules\grid_2\includes\frontend.php on line 14

2023-08-23T14:38:18+00:00 CRITICAL Uncaught Error: Cannot use object of type stdClass as array in C:\xampp2\htdocs\newswave\wp-content\themes\newswave\fl-builder\modules\grid_2\includes\frontend.php:14
Stack trace:
#0 C:\xampp2\htdocs\newswave\wp-content\plugins\beaver-builder-lite-version\includes\module.php(10): include()
#1 C:\xampp2\htdocs\newswave\wp-content\plugins\beaver-builder-lite-version\classes\class-fl-builder.php(2865): include('C:\\xampp2\\htdoc...')
#2 C:\xampp2\htdocs\newswave\wp-content\plugins\beaver-builder-lite-version\classes\class-fl-builder.php(2822): FLBuilder::render_module(Object(stdClass))
#3 C:\xampp2\htdocs\newswave\wp-content\plugins\beaver-builder-lite-version\includes\column.php(3): FLBuilder::render_modules(Object(stdClass))
#4 C:\xampp2\htdocs\newswave\wp-content\plugins\beaver-builder-lite-version\classes\class-fl-builder.php(2696): include('C:\\xampp2\\htdoc...')
#5 C:\xampp2\htdocs\newswave\wp-content\plugins\beaver-builder-lite-version\includes\column-group.php(7): FLBuilder::render_column(Object(stdClass in C:\xampp2\htdocs\newswave\wp-content\themes\newswave\fl-builder\modules\grid_2\includes\frontend.php on line 14

2023-08-23T14:38:24+00:00 CRITICAL Uncaught Error: Cannot use object of type stdClass as array in C:\xampp2\htdocs\newswave\wp-content\themes\newswave\fl-builder\modules\grid_2\includes\frontend.php:14
Stack trace:
#0 C:\xampp2\htdocs\newswave\wp-content\plugins\beaver-builder-lite-version\includes\module.php(10): include()
#1 C:\xampp2\htdocs\newswave\wp-content\plugins\beaver-builder-lite-version\classes\class-fl-builder.php(2865): include('C:\\xampp2\\htdoc...')
#2 C:\xampp2\htdocs\newswave\wp-content\plugins\beaver-builder-lite-version\classes\class-fl-builder.php(2822): FLBuilder::render_module(Object(stdClass))
#3 C:\xampp2\htdocs\newswave\wp-content\plugins\beaver-builder-lite-version\includes\column.php(3): FLBuilder::render_modules(Object(stdClass))
#4 C:\xampp2\htdocs\newswave\wp-content\plugins\beaver-builder-lite-version\classes\class-fl-builder.php(2696): include('C:\\xampp2\\htdoc...')
#5 C:\xampp2\htdocs\newswave\wp-content\plugins\beaver-builder-lite-version\includes\column-group.php(7): FLBuilder::render_column(Object(stdClass in C:\xampp2\htdocs\newswave\wp-content\themes\newswave\fl-builder\modules\grid_2\includes\frontend.php on line 14

2023-08-23T14:38:38+00:00 CRITICAL Uncaught Error: Cannot use object of type stdClass as array in C:\xampp2\htdocs\newswave\wp-content\themes\newswave\fl-builder\modules\grid_2\includes\frontend.php:14
Stack trace:
#0 C:\xampp2\htdocs\newswave\wp-content\plugins\beaver-builder-lite-version\includes\module.php(10): include()
#1 C:\xampp2\htdocs\newswave\wp-content\plugins\beaver-builder-lite-version\classes\class-fl-builder.php(2865): include('C:\\xampp2\\htdoc...')
#2 C:\xampp2\htdocs\newswave\wp-content\plugins\beaver-builder-lite-version\classes\class-fl-builder.php(2822): FLBuilder::render_module(Object(stdClass))
#3 C:\xampp2\htdocs\newswave\wp-content\plugins\beaver-builder-lite-version\includes\column.php(3): FLBuilder::render_modules(Object(stdClass))
#4 C:\xampp2\htdocs\newswave\wp-content\plugins\beaver-builder-lite-version\classes\class-fl-builder.php(2696): include('C:\\xampp2\\htdoc...')
#5 C:\xampp2\htdocs\newswave\wp-content\plugins\beaver-builder-lite-version\includes\column-group.php(7): FLBuilder::render_column(Object(stdClass in C:\xampp2\htdocs\newswave\wp-content\themes\newswave\fl-builder\modules\grid_2\includes\frontend.php on line 14

2023-08-23T14:40:18+00:00 CRITICAL Uncaught Error: Cannot use object of type stdClass as array in C:\xampp2\htdocs\newswave\wp-content\themes\newswave\fl-builder\modules\grid_2\includes\frontend.php:14
Stack trace:
#0 C:\xampp2\htdocs\newswave\wp-content\plugins\beaver-builder-lite-version\includes\module.php(10): include()
#1 C:\xampp2\htdocs\newswave\wp-content\plugins\beaver-builder-lite-version\classes\class-fl-builder.php(2865): include('C:\\xampp2\\htdoc...')
#2 C:\xampp2\htdocs\newswave\wp-content\plugins\beaver-builder-lite-version\classes\class-fl-builder.php(2822): FLBuilder::render_module(Object(stdClass))
#3 C:\xampp2\htdocs\newswave\wp-content\plugins\beaver-builder-lite-version\includes\column.php(3): FLBuilder::render_modules(Object(stdClass))
#4 C:\xampp2\htdocs\newswave\wp-content\plugins\beaver-builder-lite-version\classes\class-fl-builder.php(2696): include('C:\\xampp2\\htdoc...')
#5 C:\xampp2\htdocs\newswave\wp-content\plugins\beaver-builder-lite-version\includes\column-group.php(7): FLBuilder::render_column(Object(stdClass in C:\xampp2\htdocs\newswave\wp-content\themes\newswave\fl-builder\modules\grid_2\includes\frontend.php on line 14

2023-08-23T14:40:26+00:00 CRITICAL Uncaught Error: Cannot use object of type stdClass as array in C:\xampp2\htdocs\newswave\wp-content\themes\newswave\fl-builder\modules\grid_2\includes\frontend.php:14
Stack trace:
#0 C:\xampp2\htdocs\newswave\wp-content\plugins\beaver-builder-lite-version\includes\module.php(10): include()
#1 C:\xampp2\htdocs\newswave\wp-content\plugins\beaver-builder-lite-version\classes\class-fl-builder.php(2865): include('C:\\xampp2\\htdoc...')
#2 C:\xampp2\htdocs\newswave\wp-content\plugins\beaver-builder-lite-version\classes\class-fl-builder.php(2822): FLBuilder::render_module(Object(stdClass))
#3 C:\xampp2\htdocs\newswave\wp-content\plugins\beaver-builder-lite-version\includes\column.php(3): FLBuilder::render_modules(Object(stdClass))
#4 C:\xampp2\htdocs\newswave\wp-content\plugins\beaver-builder-lite-version\classes\class-fl-builder.php(2696): include('C:\\xampp2\\htdoc...')
#5 C:\xampp2\htdocs\newswave\wp-content\plugins\beaver-builder-lite-version\includes\column-group.php(7): FLBuilder::render_column(Object(stdClass in C:\xampp2\htdocs\newswave\wp-content\themes\newswave\fl-builder\modules\grid_2\includes\frontend.php on line 14

2023-08-23T14:40:41+00:00 CRITICAL Uncaught Error: Cannot use object of type stdClass as array in C:\xampp2\htdocs\newswave\wp-content\themes\newswave\fl-builder\modules\grid_2\includes\frontend.php:14
Stack trace:
#0 C:\xampp2\htdocs\newswave\wp-content\plugins\beaver-builder-lite-version\includes\module.php(10): include()
#1 C:\xampp2\htdocs\newswave\wp-content\plugins\beaver-builder-lite-version\classes\class-fl-builder.php(2865): include('C:\\xampp2\\htdoc...')
#2 C:\xampp2\htdocs\newswave\wp-content\plugins\beaver-builder-lite-version\classes\class-fl-builder.php(2822): FLBuilder::render_module(Object(stdClass))
#3 C:\xampp2\htdocs\newswave\wp-content\plugins\beaver-builder-lite-version\includes\column.php(3): FLBuilder::render_modules(Object(stdClass))
#4 C:\xampp2\htdocs\newswave\wp-content\plugins\beaver-builder-lite-version\classes\class-fl-builder.php(2696): include('C:\\xampp2\\htdoc...')
#5 C:\xampp2\htdocs\newswave\wp-content\plugins\beaver-builder-lite-version\includes\column-group.php(7): FLBuilder::render_column(Object(stdClass in C:\xampp2\htdocs\newswave\wp-content\themes\newswave\fl-builder\modules\grid_2\includes\frontend.php on line 14

2023-08-23T16:12:24+00:00 CRITICAL Uncaught Error: Cannot use object of type stdClass as array in C:\xampp2\htdocs\newswave\wp-content\themes\newswave\fl-builder\modules\grid_2\includes\frontend.php:14
Stack trace:
#0 C:\xampp2\htdocs\newswave\wp-content\plugins\beaver-builder-lite-version\includes\module.php(10): include()
#1 C:\xampp2\htdocs\newswave\wp-content\plugins\beaver-builder-lite-version\classes\class-fl-builder.php(2865): include('C:\\xampp2\\htdoc...')
#2 C:\xampp2\htdocs\newswave\wp-content\plugins\beaver-builder-lite-version\classes\class-fl-builder.php(2822): FLBuilder::render_module(Object(stdClass))
#3 C:\xampp2\htdocs\newswave\wp-content\plugins\beaver-builder-lite-version\includes\column.php(3): FLBuilder::render_modules(Object(stdClass))
#4 C:\xampp2\htdocs\newswave\wp-content\plugins\beaver-builder-lite-version\classes\class-fl-builder.php(2696): include('C:\\xampp2\\htdoc...')
#5 C:\xampp2\htdocs\newswave\wp-content\plugins\beaver-builder-lite-version\includes\column-group.php(7): FLBuilder::render_column(Object(stdClass in C:\xampp2\htdocs\newswave\wp-content\themes\newswave\fl-builder\modules\grid_2\includes\frontend.php on line 14

2023-08-23T16:12:29+00:00 CRITICAL Uncaught Error: Cannot use object of type stdClass as array in C:\xampp2\htdocs\newswave\wp-content\themes\newswave\fl-builder\modules\grid_2\includes\frontend.php:14
Stack trace:
#0 C:\xampp2\htdocs\newswave\wp-content\plugins\beaver-builder-lite-version\includes\module.php(10): include()
#1 C:\xampp2\htdocs\newswave\wp-content\plugins\beaver-builder-lite-version\classes\class-fl-builder.php(2865): include('C:\\xampp2\\htdoc...')
#2 C:\xampp2\htdocs\newswave\wp-content\plugins\beaver-builder-lite-version\classes\class-fl-builder.php(2822): FLBuilder::render_module(Object(stdClass))
#3 C:\xampp2\htdocs\newswave\wp-content\plugins\beaver-builder-lite-version\includes\column.php(3): FLBuilder::render_modules(Object(stdClass))
#4 C:\xampp2\htdocs\newswave\wp-content\plugins\beaver-builder-lite-version\classes\class-fl-builder.php(2696): include('C:\\xampp2\\htdoc...')
#5 C:\xampp2\htdocs\newswave\wp-content\plugins\beaver-builder-lite-version\includes\column-group.php(7): FLBuilder::render_column(Object(stdClass in C:\xampp2\htdocs\newswave\wp-content\themes\newswave\fl-builder\modules\grid_2\includes\frontend.php on line 14

2023-08-23T16:21:05+00:00 CRITICAL Uncaught Error: Cannot use object of type stdClass as array in C:\xampp2\htdocs\newswave\wp-content\themes\newswave\fl-builder\modules\grid_2\includes\frontend.php:14
Stack trace:
#0 C:\xampp2\htdocs\newswave\wp-content\plugins\beaver-builder-lite-version\includes\module.php(10): include()
#1 C:\xampp2\htdocs\newswave\wp-content\plugins\beaver-builder-lite-version\classes\class-fl-builder.php(2865): include('C:\\xampp2\\htdoc...')
#2 C:\xampp2\htdocs\newswave\wp-content\plugins\beaver-builder-lite-version\classes\class-fl-builder.php(2822): FLBuilder::render_module(Object(stdClass))
#3 C:\xampp2\htdocs\newswave\wp-content\plugins\beaver-builder-lite-version\includes\column.php(3): FLBuilder::render_modules(Object(stdClass))
#4 C:\xampp2\htdocs\newswave\wp-content\plugins\beaver-builder-lite-version\classes\class-fl-builder.php(2696): include('C:\\xampp2\\htdoc...')
#5 C:\xampp2\htdocs\newswave\wp-content\plugins\beaver-builder-lite-version\includes\column-group.php(7): FLBuilder::render_column(Object(stdClass in C:\xampp2\htdocs\newswave\wp-content\themes\newswave\fl-builder\modules\grid_2\includes\frontend.php on line 14

2023-08-23T16:29:04+00:00 CRITICAL Uncaught Error: Cannot use object of type stdClass as array in C:\xampp2\htdocs\newswave\wp-content\themes\newswave\fl-builder\modules\grid_2\includes\frontend.php:14
Stack trace:
#0 C:\xampp2\htdocs\newswave\wp-content\plugins\beaver-builder-lite-version\includes\module.php(10): include()
#1 C:\xampp2\htdocs\newswave\wp-content\plugins\beaver-builder-lite-version\classes\class-fl-builder.php(2865): include('C:\\xampp2\\htdoc...')
#2 C:\xampp2\htdocs\newswave\wp-content\plugins\beaver-builder-lite-version\classes\class-fl-builder.php(2822): FLBuilder::render_module(Object(stdClass))
#3 C:\xampp2\htdocs\newswave\wp-content\plugins\beaver-builder-lite-version\includes\column.php(3): FLBuilder::render_modules(Object(stdClass))
#4 C:\xampp2\htdocs\newswave\wp-content\plugins\beaver-builder-lite-version\classes\class-fl-builder.php(2696): include('C:\\xampp2\\htdoc...')
#5 C:\xampp2\htdocs\newswave\wp-content\plugins\beaver-builder-lite-version\includes\column-group.php(7): FLBuilder::render_column(Object(stdClass in C:\xampp2\htdocs\newswave\wp-content\themes\newswave\fl-builder\modules\grid_2\includes\frontend.php on line 14

2023-08-23T17:36:28+00:00 CRITICAL Uncaught Error: Cannot use object of type stdClass as array in C:\xampp2\htdocs\newswave\wp-content\themes\newswave\fl-builder\modules\grid_2\includes\frontend.php:14
Stack trace:
#0 C:\xampp2\htdocs\newswave\wp-content\plugins\beaver-builder-lite-version\includes\module.php(10): include()
#1 C:\xampp2\htdocs\newswave\wp-content\plugins\beaver-builder-lite-version\classes\class-fl-builder.php(2865): include('C:\\xampp2\\htdoc...')
#2 C:\xampp2\htdocs\newswave\wp-content\plugins\beaver-builder-lite-version\classes\class-fl-builder.php(2822): FLBuilder::render_module(Object(stdClass))
#3 C:\xampp2\htdocs\newswave\wp-content\plugins\beaver-builder-lite-version\includes\column.php(3): FLBuilder::render_modules(Object(stdClass))
#4 C:\xampp2\htdocs\newswave\wp-content\plugins\beaver-builder-lite-version\classes\class-fl-builder.php(2696): include('C:\\xampp2\\htdoc...')
#5 C:\xampp2\htdocs\newswave\wp-content\plugins\beaver-builder-lite-version\includes\column-group.php(7): FLBuilder::render_column(Object(stdClass in C:\xampp2\htdocs\newswave\wp-content\themes\newswave\fl-builder\modules\grid_2\includes\frontend.php on line 14

2023-08-23T17:50:38+00:00 CRITICAL Uncaught Error: Cannot use object of type stdClass as array in C:\xampp2\htdocs\newswave\wp-content\themes\newswave\fl-builder\modules\grid_2\includes\frontend.php:14
Stack trace:
#0 C:\xampp2\htdocs\newswave\wp-content\plugins\beaver-builder-lite-version\includes\module.php(10): include()
#1 C:\xampp2\htdocs\newswave\wp-content\plugins\beaver-builder-lite-version\classes\class-fl-builder.php(2865): include('C:\\xampp2\\htdoc...')
#2 C:\xampp2\htdocs\newswave\wp-content\plugins\beaver-builder-lite-version\classes\class-fl-builder.php(2822): FLBuilder::render_module(Object(stdClass))
#3 C:\xampp2\htdocs\newswave\wp-content\plugins\beaver-builder-lite-version\includes\column.php(3): FLBuilder::render_modules(Object(stdClass))
#4 C:\xampp2\htdocs\newswave\wp-content\plugins\beaver-builder-lite-version\classes\class-fl-builder.php(2696): include('C:\\xampp2\\htdoc...')
#5 C:\xampp2\htdocs\newswave\wp-content\plugins\beaver-builder-lite-version\includes\column-group.php(7): FLBuilder::render_column(Object(stdClass in C:\xampp2\htdocs\newswave\wp-content\themes\newswave\fl-builder\modules\grid_2\includes\frontend.php on line 14

2023-08-23T17:50:44+00:00 CRITICAL Uncaught Error: Cannot use object of type stdClass as array in C:\xampp2\htdocs\newswave\wp-content\themes\newswave\fl-builder\modules\grid_2\includes\frontend.php:14
Stack trace:
#0 C:\xampp2\htdocs\newswave\wp-content\plugins\beaver-builder-lite-version\includes\module.php(10): include()
#1 C:\xampp2\htdocs\newswave\wp-content\plugins\beaver-builder-lite-version\classes\class-fl-builder.php(2865): include('C:\\xampp2\\htdoc...')
#2 C:\xampp2\htdocs\newswave\wp-content\plugins\beaver-builder-lite-version\classes\class-fl-builder.php(2822): FLBuilder::render_module(Object(stdClass))
#3 C:\xampp2\htdocs\newswave\wp-content\plugins\beaver-builder-lite-version\includes\column.php(3): FLBuilder::render_modules(Object(stdClass))
#4 C:\xampp2\htdocs\newswave\wp-content\plugins\beaver-builder-lite-version\classes\class-fl-builder.php(2696): include('C:\\xampp2\\htdoc...')
#5 C:\xampp2\htdocs\newswave\wp-content\plugins\beaver-builder-lite-version\includes\column-group.php(7): FLBuilder::render_column(Object(stdClass in C:\xampp2\htdocs\newswave\wp-content\themes\newswave\fl-builder\modules\grid_2\includes\frontend.php on line 14

2023-08-23T17:50:49+00:00 CRITICAL Uncaught Error: Cannot use object of type stdClass as array in C:\xampp2\htdocs\newswave\wp-content\themes\newswave\fl-builder\modules\grid_2\includes\frontend.php:14
Stack trace:
#0 C:\xampp2\htdocs\newswave\wp-content\plugins\beaver-builder-lite-version\includes\module.php(10): include()
#1 C:\xampp2\htdocs\newswave\wp-content\plugins\beaver-builder-lite-version\classes\class-fl-builder.php(2865): include('C:\\xampp2\\htdoc...')
#2 C:\xampp2\htdocs\newswave\wp-content\plugins\beaver-builder-lite-version\classes\class-fl-builder.php(2822): FLBuilder::render_module(Object(stdClass))
#3 C:\xampp2\htdocs\newswave\wp-content\plugins\beaver-builder-lite-version\includes\column.php(3): FLBuilder::render_modules(Object(stdClass))
#4 C:\xampp2\htdocs\newswave\wp-content\plugins\beaver-builder-lite-version\classes\class-fl-builder.php(2696): include('C:\\xampp2\\htdoc...')
#5 C:\xampp2\htdocs\newswave\wp-content\plugins\beaver-builder-lite-version\includes\column-group.php(7): FLBuilder::render_column(Object(stdClass in C:\xampp2\htdocs\newswave\wp-content\themes\newswave\fl-builder\modules\grid_2\includes\frontend.php on line 14

2023-08-23T20:45:02+00:00 CRITICAL Uncaught Error: Cannot use object of type stdClass as array in C:\xampp2\htdocs\newswave\wp-content\themes\newswave\fl-builder\modules\grid_2\includes\frontend.php:14
Stack trace:
#0 C:\xampp2\htdocs\newswave\wp-content\plugins\beaver-builder-lite-version\includes\module.php(10): include()
#1 C:\xampp2\htdocs\newswave\wp-content\plugins\beaver-builder-lite-version\classes\class-fl-builder.php(2865): include('C:\\xampp2\\htdoc...')
#2 C:\xampp2\htdocs\newswave\wp-content\plugins\beaver-builder-lite-version\classes\class-fl-builder.php(2822): FLBuilder::render_module(Object(stdClass))
#3 C:\xampp2\htdocs\newswave\wp-content\plugins\beaver-builder-lite-version\includes\column.php(3): FLBuilder::render_modules(Object(stdClass))
#4 C:\xampp2\htdocs\newswave\wp-content\plugins\beaver-builder-lite-version\classes\class-fl-builder.php(2696): include('C:\\xampp2\\htdoc...')
#5 C:\xampp2\htdocs\newswave\wp-content\plugins\beaver-builder-lite-version\includes\column-group.php(7): FLBuilder::render_column(Object(stdClass in C:\xampp2\htdocs\newswave\wp-content\themes\newswave\fl-builder\modules\grid_2\includes\frontend.php on line 14

